<?xml version="1.0" encoding="UTF-8"?>
<!-- Generated by org.testng.reporters.JUnitReportReporter -->
<testsuite hostname="LAPTOP-97M9LKK6" failures="0" tests="1" name="demoGit.Sample" time="0.012" errors="0" timestamp="2022-03-14T16:10:50 IST" skipped="0">
  <testcase classname="demoGit.Sample" name="sample" time="0.012"/>
  <system-out/>
</testsuite> <!-- demoGit.Sample -->
